TN:
SF:contracts/GOATAI_ERC20.sol
DA:134,73
FN:134,GOATAI_ERC20.constructor
FNDA:73,GOATAI_ERC20.constructor
DA:141,73
BRDA:141,0,0,1
DA:143,72
DA:144,71
DA:145,70
DA:148,63
DA:149,63
DA:150,63
DA:151,63
DA:154,63
DA:155,63
DA:160,63
DA:166,79
FN:166,GOATAI_ERC20.clock
FNDA:79,GOATAI_ERC20.clock
DA:167,225
DA:173,1
FN:173,GOATAI_ERC20.CLOCK_MODE
FNDA:1,GOATAI_ERC20.CLOCK_MODE
DA:174,1
DA:178,3
FN:178,GOATAI_ERC20.nonces
FNDA:3,GOATAI_ERC20.nonces
DA:181,3
DA:186,7
FN:186,GOATAI_ERC20.feeRecipients
FNDA:7,GOATAI_ERC20.feeRecipients
DA:187,7
DA:192,7
FN:192,GOATAI_ERC20.feeRecipientSplits
FNDA:7,GOATAI_ERC20.feeRecipientSplits
DA:193,7
DA:204,7
FN:204,GOATAI_ERC20.feeBurnSplit
FNDA:7,GOATAI_ERC20.feeBurnSplit
DA:205,7
DA:207,7
DA:208,7
DA:210,6
DA:211,12
DA:213,6
DA:219,152
FN:219,GOATAI_ERC20._checkFee
FNDA:152,GOATAI_ERC20._checkFee
DA:220,152
BRDA:220,2,0,4
DA:231,86
FN:231,GOATAI_ERC20._checkFeeSplits
FNDA:86,GOATAI_ERC20._checkFeeSplits
DA:235,86
DA:236,86
DA:237,2
BRDA:237,3,0,2
DA:239,84
DA:240,2
BRDA:240,4,0,2
DA:242,82
DA:244,82
DA:245,145
BRDA:245,5,0,2
DA:246,143
DA:247,4
BRDA:247,6,0,4
DA:249,139
BRDA:249,7,0,3
DA:251,136
DA:253,73
BRDA:253,8,0,1
DA:258,7
FN:258,GOATAI_ERC20.setBuyFeeBps
FNDA:7,GOATAI_ERC20.setBuyFeeBps
DA:259,5
DA:261,4
DA:263,4
DA:268,6
FN:268,GOATAI_ERC20.setSellFeeBps
FNDA:6,GOATAI_ERC20.setSellFeeBps
DA:269,4
DA:271,3
DA:273,3
DA:279,18
FN:279,GOATAI_ERC20.setFeeSplits
FNDA:18,GOATAI_ERC20.setFeeSplits
DA:283,16
DA:285,9
DA:286,9
DA:288,9
DA:295,12
FN:295,GOATAI_ERC20.isLPPair
FNDA:12,GOATAI_ERC20.isLPPair
DA:296,215
DA:302,31
FN:302,GOATAI_ERC20.setLPPair
FNDA:31,GOATAI_ERC20.setLPPair
DA:306,29
BRDA:306,9,0,1
DA:308,28
DA:309,28
DA:315,15
FN:315,GOATAI_ERC20.isExempt
FNDA:15,GOATAI_ERC20.isExempt
DA:316,47
DA:322,33
FN:322,GOATAI_ERC20.setExempt
FNDA:33,GOATAI_ERC20.setExempt
DA:326,31
DA:327,31
BRDA:327,10,0,1
DA:328,30
DA:329,1
BRDA:329,11,0,1
DA:331,29
DA:332,34
DA:333,34
DA:349,149
FN:349,GOATAI_ERC20._update
FNDA:149,GOATAI_ERC20._update
DA:354,149
BRDA:354,12,0,77
DA:355,77
DA:356,77
DA:359,72
DA:362,72
DA:364,72
DA:366,72
DA:368,72
BRDA:368,13,0,12
DA:369,12
DA:371,0
BRDA:371,14,0,-
DA:373,12
DA:374,24
DA:375,24
DA:376,24
BRDA:376,15,0,22
DA:377,22
DA:379,22
DA:387,72
BRDA:387,16,0,13
DA:388,13
DA:389,13
DA:392,72
DA:404,72
DA:407,53
BRDA:407,18,0,51
DA:428,72
FN:428,GOATAI_ERC20._calculateFees
FNDA:72,GOATAI_ERC20._calculateFees
DA:434,72
BRDA:434,19,0,13
BRDA:434,19,1,8
DA:435,13
BRDA:435,20,0,4
DA:436,4
DA:437,4
DA:439,9
DA:441,9
DA:442,9
DA:445,9
BRDA:445,21,0,1
DA:446,1
DA:447,1
DA:448,1
DA:451,8
DA:452,8
DA:454,8
DA:455,16
DA:458,16
DA:460,8
DA:461,8
DA:462,8
DA:463,8
DA:466,59
BRDA:466,22,0,19
DA:467,19
BRDA:467,23,0,14
DA:468,14
DA:469,14
DA:471,5
DA:473,5
DA:474,5
DA:477,5
BRDA:477,24,0,1
DA:478,1
DA:479,1
DA:480,1
DA:483,4
DA:484,4
DA:486,4
DA:487,8
DA:490,8
DA:492,4
DA:493,4
DA:494,4
DA:495,4
DA:498,40
DA:501,2
FN:501,GOATAI_ERC20.renounceRole
FNDA:2,GOATAI_ERC20.renounceRole
DA:505,2
BRDA:505,25,0,1
BRDA:505,25,1,1
DA:509,1
FNF:19
FNH:19
LF:142
LH:141
BRF:26
BRH:25
end_of_record
