TN:
SF:contracts/GOATAI_ERC20.sol
DA:131,71
FN:131,GOATAI_ERC20.constructor
FNDA:71,GOATAI_ERC20.constructor
DA:138,71
BRDA:138,0,0,1
DA:140,70
DA:141,69
DA:142,68
DA:145,61
DA:146,61
DA:147,61
DA:148,61
DA:151,61
DA:152,61
DA:157,61
DA:163,77
FN:163,GOATAI_ERC20.clock
FNDA:77,GOATAI_ERC20.clock
DA:164,223
DA:170,1
FN:170,GOATAI_ERC20.CLOCK_MODE
FNDA:1,GOATAI_ERC20.CLOCK_MODE
DA:171,1
DA:175,3
FN:175,GOATAI_ERC20.nonces
FNDA:3,GOATAI_ERC20.nonces
DA:178,3
DA:183,7
FN:183,GOATAI_ERC20.feeRecipients
FNDA:7,GOATAI_ERC20.feeRecipients
DA:184,7
DA:189,7
FN:189,GOATAI_ERC20.feeRecipientSplits
FNDA:7,GOATAI_ERC20.feeRecipientSplits
DA:190,7
DA:201,7
FN:201,GOATAI_ERC20.feeBurnSplit
FNDA:7,GOATAI_ERC20.feeBurnSplit
DA:202,7
DA:204,7
DA:205,7
DA:207,6
DA:208,12
DA:210,6
DA:216,148
FN:216,GOATAI_ERC20._checkFee
FNDA:148,GOATAI_ERC20._checkFee
DA:217,148
BRDA:217,2,0,4
DA:228,84
FN:228,GOATAI_ERC20._checkFeeSplits
FNDA:84,GOATAI_ERC20._checkFeeSplits
DA:232,84
DA:233,84
DA:234,2
BRDA:234,3,0,2
DA:236,82
DA:237,2
BRDA:237,4,0,2
DA:239,80
DA:241,80
DA:242,141
BRDA:242,5,0,2
DA:243,139
DA:244,4
BRDA:244,6,0,4
DA:246,135
BRDA:246,7,0,3
DA:248,132
DA:250,71
BRDA:250,8,0,1
DA:255,7
FN:255,GOATAI_ERC20.setBuyFeeBps
FNDA:7,GOATAI_ERC20.setBuyFeeBps
DA:256,5
DA:258,4
DA:260,4
DA:265,6
FN:265,GOATAI_ERC20.setSellFeeBps
FNDA:6,GOATAI_ERC20.setSellFeeBps
DA:266,4
DA:268,3
DA:270,3
DA:276,18
FN:276,GOATAI_ERC20.setFeeSplits
FNDA:18,GOATAI_ERC20.setFeeSplits
DA:280,16
DA:282,9
DA:283,9
DA:285,9
DA:292,12
FN:292,GOATAI_ERC20.isLPPair
FNDA:12,GOATAI_ERC20.isLPPair
DA:293,215
DA:299,31
FN:299,GOATAI_ERC20.setLPPair
FNDA:31,GOATAI_ERC20.setLPPair
DA:303,29
BRDA:303,9,0,1
DA:305,28
DA:306,28
DA:312,15
FN:312,GOATAI_ERC20.isExempt
FNDA:15,GOATAI_ERC20.isExempt
DA:313,47
DA:319,33
FN:319,GOATAI_ERC20.setExempt
FNDA:33,GOATAI_ERC20.setExempt
DA:323,31
DA:324,31
BRDA:324,10,0,1
DA:325,30
BRDA:325,11,0,1
DA:327,29
DA:328,34
DA:329,34
DA:345,147
FN:345,GOATAI_ERC20._update
FNDA:147,GOATAI_ERC20._update
DA:350,147
BRDA:350,12,0,75
DA:351,75
DA:352,75
DA:355,72
DA:358,72
DA:360,72
DA:362,72
DA:364,72
BRDA:364,13,0,12
DA:365,12
DA:367,0
BRDA:367,14,0,-
DA:369,12
DA:370,24
DA:371,24
DA:372,24
BRDA:372,15,0,22
DA:373,22
DA:375,22
DA:383,72
BRDA:383,16,0,13
DA:384,13
DA:385,13
DA:388,72
DA:400,72
DA:403,53
BRDA:403,18,0,51
DA:424,72
FN:424,GOATAI_ERC20._calculateFees
FNDA:72,GOATAI_ERC20._calculateFees
DA:430,72
BRDA:430,19,0,13
BRDA:430,19,1,8
DA:431,13
BRDA:431,20,0,4
DA:432,4
DA:433,4
DA:435,9
DA:437,9
DA:438,9
DA:441,9
BRDA:441,21,0,1
DA:442,1
DA:443,1
DA:444,1
DA:447,8
DA:448,8
DA:450,8
DA:451,16
DA:454,16
DA:456,8
DA:457,8
DA:458,8
DA:459,8
DA:462,59
BRDA:462,22,0,19
DA:463,19
BRDA:463,23,0,14
DA:464,14
DA:465,14
DA:467,5
DA:469,5
DA:470,5
DA:473,5
BRDA:473,24,0,1
DA:474,1
DA:475,1
DA:476,1
DA:479,4
DA:480,4
DA:482,4
DA:483,8
DA:486,8
DA:488,4
DA:489,4
DA:490,4
DA:491,4
DA:494,40
FNF:18
FNH:18
LF:138
LH:137
BRF:24
BRH:23
end_of_record
